10:42:57 AM  [main] 	Initializing Control Panel
10:42:57 AM  [main] 	Windows Version:  Enterprise  64-bit
10:42:57 AM  [main] 	XAMPP Version: 7.4.28
10:42:57 AM  [main] 	Control Panel Version: 3.3.0  [ Compiled: Apr 6th 2021 ]
10:42:57 AM  [main] 	You are not running with administrator rights! This will work for
10:42:57 AM  [main] 	most application stuff but whenever you do something with services
10:42:57 AM  [main] 	there will be a security dialogue or things will break! So think 
10:42:57 AM  [main] 	about running this application with administrator rights!
10:42:57 AM  [main] 	XAMPP Installation Directory: "c:\users\hieuv\desktop\lms\server\"
10:42:57 AM  [main] 	Checking for prerequisites
10:42:59 AM  [main] 	All prerequisites found
10:42:59 AM  [main] 	Initializing Modules
10:42:59 AM  [Apache] 	Problem detected!
10:42:59 AM  [Apache] 	Port 80 in use by "C:\xampp\apache\bin\httpd.exe" with PID 5700!
10:42:59 AM  [Apache] 	Apache WILL NOT start without the configured ports free!
10:42:59 AM  [Apache] 	You need to uninstall/disable/reconfigure the blocking application
10:42:59 AM  [Apache] 	or reconfigure Apache and the Control Panel to listen on a different port
10:42:59 AM  [Apache] 	Problem detected!
10:42:59 AM  [Apache] 	Port 443 in use by "C:\xampp\apache\bin\httpd.exe" with PID 5700!
10:42:59 AM  [Apache] 	Apache WILL NOT start without the configured ports free!
10:42:59 AM  [Apache] 	You need to uninstall/disable/reconfigure the blocking application
10:42:59 AM  [Apache] 	or reconfigure Apache and the Control Panel to listen on a different port
10:42:59 AM  [mysql] 	Problem detected!
10:42:59 AM  [mysql] 	Port 3306 in use by "C:\xampp\mysql\bin\mysqld.exe"!
10:42:59 AM  [mysql] 	MySQL WILL NOT start without the configured ports free!
10:42:59 AM  [mysql] 	You need to uninstall/disable/reconfigure the blocking application
10:42:59 AM  [mysql] 	or reconfigure MySQL and the Control Panel to listen on a different port
10:42:59 AM  [main] 	The FileZilla module is disabled
10:42:59 AM  [main] 	The Mercury module is disabled
10:42:59 AM  [Tomcat] 	Problem detected: Tomcat Not Found!
10:42:59 AM  [Tomcat] 	Disabling Tomcat buttons
10:42:59 AM  [Tomcat] 	Run this program from your XAMPP root directory!
10:42:59 AM  [Tomcat] 	Problem detected: Required Tool catalina_start.bat Not Found!
10:42:59 AM  [Tomcat] 	Problem detected: Required Tool catalina_stop.bat Not Found!
10:42:59 AM  [Tomcat] 	Problem detected: Required Tool catalina_service.bat Not Found!
10:42:59 AM  [main] 	Starting Check-Timer
10:42:59 AM  [main] 	Control Panel Ready
10:43:01 AM  [Apache] 	Problem detected!
10:43:01 AM  [Apache] 	Port 80 in use by "C:\xampp\apache\bin\httpd.exe" with PID 5700!
10:43:01 AM  [Apache] 	Apache WILL NOT start without the configured ports free!
10:43:01 AM  [Apache] 	You need to uninstall/disable/reconfigure the blocking application
10:43:01 AM  [Apache] 	or reconfigure Apache and the Control Panel to listen on a different port
10:43:01 AM  [Apache] 	Problem detected!
10:43:01 AM  [Apache] 	Port 443 in use by "C:\xampp\apache\bin\httpd.exe" with PID 5700!
10:43:01 AM  [Apache] 	Apache WILL NOT start without the configured ports free!
10:43:01 AM  [Apache] 	You need to uninstall/disable/reconfigure the blocking application
10:43:01 AM  [Apache] 	or reconfigure Apache and the Control Panel to listen on a different port
10:43:01 AM  [Apache] 	Attempting to start Apache app...
10:43:02 AM  [Apache] 	Status change detected: running
10:43:03 AM  [Apache] 	Status change detected: stopped
10:43:03 AM  [Apache] 	Error: Apache shutdown unexpectedly.
10:43:03 AM  [Apache] 	This may be due to a blocked port, missing dependencies, 
10:43:03 AM  [Apache] 	improper privileges, a crash, or a shutdown by another method.
10:43:03 AM  [Apache] 	Press the Logs button to view error logs and check
10:43:03 AM  [Apache] 	the Windows Event Viewer for more clues
10:43:03 AM  [Apache] 	If you need more help, copy and post this
10:43:03 AM  [Apache] 	entire log window on the forums
10:43:03 AM  [mysql] 	Problem detected!
10:43:03 AM  [mysql] 	Port 3306 in use by "C:\xampp\mysql\bin\mysqld.exe"!
10:43:03 AM  [mysql] 	MySQL WILL NOT start without the configured ports free!
10:43:03 AM  [mysql] 	You need to uninstall/disable/reconfigure the blocking application
10:43:03 AM  [mysql] 	or reconfigure MySQL and the Control Panel to listen on a different port
10:43:03 AM  [mysql] 	Attempting to start MySQL app...
10:43:04 AM  [mysql] 	Status change detected: running
10:43:05 AM  [mysql] 	Status change detected: stopped
10:43:05 AM  [mysql] 	Error: MySQL shutdown unexpectedly.
10:43:05 AM  [mysql] 	This may be due to a blocked port, missing dependencies, 
10:43:05 AM  [mysql] 	improper privileges, a crash, or a shutdown by another method.
10:43:05 AM  [mysql] 	Press the Logs button to view error logs and check
10:43:05 AM  [mysql] 	the Windows Event Viewer for more clues
10:43:05 AM  [mysql] 	If you need more help, copy and post this
10:43:05 AM  [mysql] 	entire log window on the forums
10:43:07 AM  [Apache] 	Problem detected!
10:43:07 AM  [Apache] 	Port 80 in use by "C:\xampp\apache\bin\httpd.exe" with PID 5700!
10:43:07 AM  [Apache] 	Apache WILL NOT start without the configured ports free!
10:43:07 AM  [Apache] 	You need to uninstall/disable/reconfigure the blocking application
10:43:07 AM  [Apache] 	or reconfigure Apache and the Control Panel to listen on a different port
10:43:07 AM  [Apache] 	Problem detected!
10:43:07 AM  [Apache] 	Port 443 in use by "C:\xampp\apache\bin\httpd.exe" with PID 5700!
10:43:07 AM  [Apache] 	Apache WILL NOT start without the configured ports free!
10:43:07 AM  [Apache] 	You need to uninstall/disable/reconfigure the blocking application
10:43:07 AM  [Apache] 	or reconfigure Apache and the Control Panel to listen on a different port
10:43:07 AM  [Apache] 	Attempting to start Apache app...
10:43:07 AM  [Apache] 	Status change detected: running
10:43:07 AM  [Apache] 	Status change detected: stopped
10:43:07 AM  [Apache] 	Error: Apache shutdown unexpectedly.
10:43:07 AM  [Apache] 	This may be due to a blocked port, missing dependencies, 
10:43:07 AM  [Apache] 	improper privileges, a crash, or a shutdown by another method.
10:43:07 AM  [Apache] 	Press the Logs button to view error logs and check
10:43:07 AM  [Apache] 	the Windows Event Viewer for more clues
10:43:07 AM  [Apache] 	If you need more help, copy and post this
10:43:07 AM  [Apache] 	entire log window on the forums
10:43:12 AM  [Apache] 	Problem detected!
10:43:12 AM  [Apache] 	Port 80 in use by "C:\xampp\apache\bin\httpd.exe" with PID 5700!
10:43:12 AM  [Apache] 	Apache WILL NOT start without the configured ports free!
10:43:12 AM  [Apache] 	You need to uninstall/disable/reconfigure the blocking application
10:43:12 AM  [Apache] 	or reconfigure Apache and the Control Panel to listen on a different port
10:43:12 AM  [Apache] 	Problem detected!
10:43:12 AM  [Apache] 	Port 443 in use by "C:\xampp\apache\bin\httpd.exe" with PID 5700!
10:43:12 AM  [Apache] 	Apache WILL NOT start without the configured ports free!
10:43:12 AM  [Apache] 	You need to uninstall/disable/reconfigure the blocking application
10:43:12 AM  [Apache] 	or reconfigure Apache and the Control Panel to listen on a different port
10:43:12 AM  [Apache] 	Attempting to start Apache app...
10:43:12 AM  [Apache] 	Status change detected: running
10:43:13 AM  [Apache] 	Status change detected: stopped
10:43:13 AM  [Apache] 	Error: Apache shutdown unexpectedly.
10:43:13 AM  [Apache] 	This may be due to a blocked port, missing dependencies, 
10:43:13 AM  [Apache] 	improper privileges, a crash, or a shutdown by another method.
10:43:13 AM  [Apache] 	Press the Logs button to view error logs and check
10:43:13 AM  [Apache] 	the Windows Event Viewer for more clues
10:43:13 AM  [Apache] 	If you need more help, copy and post this
10:43:13 AM  [Apache] 	entire log window on the forums
10:43:45 AM  [main] 	Deinitializing Modules
10:43:45 AM  [main] 	Deinitializing Control Panel

10:46:57 AM  [main] 	Initializing Control Panel
10:46:57 AM  [main] 	Windows Version:  Enterprise  64-bit
10:46:57 AM  [main] 	XAMPP Version: 7.4.28
10:46:57 AM  [main] 	Control Panel Version: 3.3.0  [ Compiled: Apr 6th 2021 ]
10:46:57 AM  [main] 	You are not running with administrator rights! This will work for
10:46:57 AM  [main] 	most application stuff but whenever you do something with services
10:46:57 AM  [main] 	there will be a security dialogue or things will break! So think 
10:46:57 AM  [main] 	about running this application with administrator rights!
10:46:57 AM  [main] 	XAMPP Installation Directory: "c:\users\hieuv\desktop\lms\server\"
10:46:57 AM  [main] 	Checking for prerequisites
10:46:59 AM  [main] 	All prerequisites found
10:46:59 AM  [main] 	Initializing Modules
10:46:59 AM  [Apache] 	XAMPP Apache is already running on port 80
10:46:59 AM  [Apache] 	XAMPP Apache is already running on port 443
10:46:59 AM  [mysql] 	XAMPP MySQL is already running on port 3306
10:46:59 AM  [main] 	The FileZilla module is disabled
10:46:59 AM  [main] 	The Mercury module is disabled
10:46:59 AM  [Tomcat] 	Problem detected: Tomcat Not Found!
10:46:59 AM  [Tomcat] 	Disabling Tomcat buttons
10:46:59 AM  [Tomcat] 	Run this program from your XAMPP root directory!
10:46:59 AM  [Tomcat] 	Problem detected: Required Tool catalina_start.bat Not Found!
10:46:59 AM  [Tomcat] 	Problem detected: Required Tool catalina_stop.bat Not Found!
10:46:59 AM  [Tomcat] 	Problem detected: Required Tool catalina_service.bat Not Found!
10:46:59 AM  [main] 	Starting Check-Timer
10:46:59 AM  [main] 	Control Panel Ready
10:59:55 AM  [mysql] 	Attempting to stop MySQL app...
10:59:56 AM  [mysql] 	Status change detected: stopped
10:59:56 AM  [Apache] 	Attempting to stop Apache (PID: 2092)
10:59:56 AM  [Apache] 	Attempting to stop Apache (PID: 2516)
10:59:57 AM  [Apache] 	Status change detected: stopped
11:00:02 AM  [Apache] 	Attempting to start Apache app...
11:00:02 AM  [Apache] 	Status change detected: running
11:00:03 AM  [mysql] 	Attempting to start MySQL app...
11:00:03 AM  [mysql] 	Status change detected: running
11:00:47 AM  [main] 	Deinitializing Modules
11:00:47 AM  [main] 	Deinitializing Control Panel

9:37:44 PM  [main] 	Initializing Control Panel
9:37:45 PM  [main] 	Windows Version:  Enterprise  64-bit
9:37:45 PM  [main] 	XAMPP Version: 7.4.28
9:37:45 PM  [main] 	Control Panel Version: 3.3.0  [ Compiled: Apr 6th 2021 ]
9:37:45 PM  [main] 	You are not running with administrator rights! This will work for
9:37:45 PM  [main] 	most application stuff but whenever you do something with services
9:37:45 PM  [main] 	there will be a security dialogue or things will break! So think 
9:37:45 PM  [main] 	about running this application with administrator rights!
9:37:45 PM  [main] 	XAMPP Installation Directory: "c:\users\hieuv\desktop\lms\server\"
9:37:45 PM  [main] 	Checking for prerequisites
9:37:47 PM  [main] 	All prerequisites found
9:37:47 PM  [main] 	Initializing Modules
9:37:47 PM  [Apache] 	XAMPP Apache is already running on port 80
9:37:47 PM  [Apache] 	XAMPP Apache is already running on port 443
9:37:48 PM  [mysql] 	XAMPP MySQL is already running on port 3306
9:37:48 PM  [main] 	The FileZilla module is disabled
9:37:48 PM  [main] 	The Mercury module is disabled
9:37:48 PM  [Tomcat] 	Problem detected: Tomcat Not Found!
9:37:48 PM  [Tomcat] 	Disabling Tomcat buttons
9:37:48 PM  [Tomcat] 	Run this program from your XAMPP root directory!
9:37:48 PM  [Tomcat] 	Problem detected: Required Tool catalina_start.bat Not Found!
9:37:48 PM  [Tomcat] 	Problem detected: Required Tool catalina_stop.bat Not Found!
9:37:48 PM  [Tomcat] 	Problem detected: Required Tool catalina_service.bat Not Found!
9:37:48 PM  [main] 	Starting Check-Timer
9:37:48 PM  [main] 	Control Panel Ready
9:39:08 PM  [Apache] 	Attempting to stop Apache (PID: 11148)
9:39:08 PM  [Apache] 	Attempting to stop Apache (PID: 8652)
9:39:08 PM  [Apache] 	Status change detected: stopped
9:39:08 PM  [mysql] 	Attempting to stop MySQL app...
9:39:09 PM  [mysql] 	Status change detected: stopped
10:32:21 PM  [Apache] 	Status change detected: running
10:32:25 PM  [mysql] 	Status change detected: running
10:40:13 PM  [Apache] 	Status change detected: stopped
10:40:14 PM  [mysql] 	Status change detected: stopped
11:42:13 PM  [main] 	Deinitializing Modules
11:42:13 PM  [main] 	Deinitializing Control Panel

8:17:34 AM  [main] 	Initializing Control Panel
8:17:34 AM  [main] 	Windows Version:  Enterprise  64-bit
8:17:34 AM  [main] 	XAMPP Version: 7.4.28
8:17:34 AM  [main] 	Control Panel Version: 3.3.0  [ Compiled: Apr 6th 2021 ]
8:17:34 AM  [main] 	You are not running with administrator rights! This will work for
8:17:34 AM  [main] 	most application stuff but whenever you do something with services
8:17:34 AM  [main] 	there will be a security dialogue or things will break! So think 
8:17:34 AM  [main] 	about running this application with administrator rights!
8:17:34 AM  [main] 	XAMPP Installation Directory: "c:\users\hieuv\desktop\lms\server\"
8:17:34 AM  [main] 	Checking for prerequisites
8:17:37 AM  [main] 	All prerequisites found
8:17:37 AM  [main] 	Initializing Modules
8:17:37 AM  [main] 	The FileZilla module is disabled
8:17:37 AM  [main] 	The Mercury module is disabled
8:17:37 AM  [Tomcat] 	Problem detected: Tomcat Not Found!
8:17:37 AM  [Tomcat] 	Disabling Tomcat buttons
8:17:37 AM  [Tomcat] 	Run this program from your XAMPP root directory!
8:17:37 AM  [Tomcat] 	Problem detected: Required Tool catalina_start.bat Not Found!
8:17:37 AM  [Tomcat] 	Problem detected: Required Tool catalina_stop.bat Not Found!
8:17:37 AM  [Tomcat] 	Problem detected: Required Tool catalina_service.bat Not Found!
8:17:37 AM  [main] 	Starting Check-Timer
8:17:37 AM  [main] 	Control Panel Ready
8:17:41 AM  [mysql] 	Attempting to start MySQL app...
8:17:43 AM  [Apache] 	Attempting to start Apache app...
8:17:43 AM  [Apache] 	Status change detected: running
8:17:43 AM  [mysql] 	Status change detected: running
8:43:41 AM  [Apache] 	Attempting to stop Apache (PID: 7584)
8:43:41 AM  [Apache] 	Attempting to stop Apache (PID: 5080)
8:43:42 AM  [Apache] 	Status change detected: stopped
8:43:43 AM  [Apache] 	Attempting to start Apache app...
8:43:43 AM  [Apache] 	Status change detected: running
8:47:46 AM  [Apache] 	Attempting to stop Apache (PID: 10320)
8:47:46 AM  [Apache] 	Attempting to stop Apache (PID: 13744)
8:47:47 AM  [Apache] 	Status change detected: stopped
8:47:47 AM  [mysql] 	Attempting to stop MySQL app...
8:47:48 AM  [mysql] 	Status change detected: stopped
8:48:20 AM  [Apache] 	Status change detected: running
8:48:20 AM  [mysql] 	Status change detected: running
8:52:42 AM  [mysql] 	Status change detected: stopped
8:52:42 AM  [main] 	Deinitializing Modules
8:52:42 AM  [main] 	Deinitializing Control Panel

8:48:59 AM  [main] 	Initializing Control Panel
8:48:59 AM  [main] 	Windows Version:  Enterprise  64-bit
8:48:59 AM  [main] 	XAMPP Version: 7.4.28
8:48:59 AM  [main] 	Control Panel Version: 3.3.0  [ Compiled: Apr 6th 2021 ]
8:49:00 AM  [main] 	You are not running with administrator rights! This will work for
8:49:00 AM  [main] 	most application stuff but whenever you do something with services
8:49:00 AM  [main] 	there will be a security dialogue or things will break! So think 
8:49:00 AM  [main] 	about running this application with administrator rights!
8:49:00 AM  [main] 	XAMPP Installation Directory: "c:\users\hieuv\desktop\lms\server\"
8:49:00 AM  [main] 	Checking for prerequisites
8:49:02 AM  [main] 	All prerequisites found
8:49:02 AM  [main] 	Initializing Modules
8:49:02 AM  [Apache] 	XAMPP Apache is already running on port 80
8:49:03 AM  [Apache] 	XAMPP Apache is already running on port 443
8:49:03 AM  [mysql] 	XAMPP MySQL is already running on port 3306
8:49:03 AM  [main] 	The FileZilla module is disabled
8:49:03 AM  [main] 	The Mercury module is disabled
8:49:03 AM  [Tomcat] 	Problem detected: Tomcat Not Found!
8:49:03 AM  [Tomcat] 	Disabling Tomcat buttons
8:49:03 AM  [Tomcat] 	Run this program from your XAMPP root directory!
8:49:03 AM  [Tomcat] 	Problem detected: Required Tool catalina_start.bat Not Found!
8:49:03 AM  [Tomcat] 	Problem detected: Required Tool catalina_stop.bat Not Found!
8:49:03 AM  [Tomcat] 	Problem detected: Required Tool catalina_service.bat Not Found!
8:49:03 AM  [main] 	Starting Check-Timer
8:49:03 AM  [main] 	Control Panel Ready
8:52:42 AM  [mysql] 	Status change detected: stopped
8:52:42 AM  [mysql] 	Error: MySQL shutdown unexpectedly.
8:52:42 AM  [mysql] 	This may be due to a blocked port, missing dependencies, 
8:52:42 AM  [mysql] 	improper privileges, a crash, or a shutdown by another method.
8:52:42 AM  [mysql] 	Press the Logs button to view error logs and check
8:52:42 AM  [mysql] 	the Windows Event Viewer for more clues
8:52:42 AM  [mysql] 	If you need more help, copy and post this
8:52:42 AM  [mysql] 	entire log window on the forums
8:52:42 AM  [main] 	Deinitializing Modules
8:52:42 AM  [main] 	Deinitializing Control Panel

